<?xml version="1.0" encoding="UTF-8"?>
<!-- Generated by org.testng.reporters.JUnitReportReporter -->
<testsuite hostname="DESKTOP-8EAAVC9" failures="0" tests="2" name="org.cooee.tests.RegisterTest" time="327.960" errors="0" timestamp="2025-06-23T15:13:45 IST" skipped="0">
  <testcase classname="org.cooee.tests.RegisterTest" name="testRegisterWithAvailableCountryAndNumber" time="36.654"/>
  <system-out/>
  <testcase classname="org.cooee.tests.RegisterTest" name="testRegisterWithAvailableCountryAndNumber" time="291.306"/>
  <system-out/>
</testsuite> <!-- org.cooee.tests.RegisterTest -->
