<?xml version="1.0" encoding="UTF-8"?>
<!-- Generated by org.testng.reporters.JUnitReportReporter -->
<testsuite hostname="DESKTOP-8EAAVC9" failures="0" tests="4" name="org.cooee.tests.LoginTest" time="76.100" errors="0" timestamp="2025-06-25T17:41:10 IST" skipped="0">
  <testcase classname="org.cooee.tests.LoginTest" name="testLoginButtonDisabledForInvalidEmailFormat" time="15.842"/>
  <system-out/>
  <testcase classname="org.cooee.tests.LoginTest" name="testLoginWithValidCredentials" time="40.483"/>
  <system-out/>
  <testcase classname="org.cooee.tests.LoginTest" name="testLoginWithInvalidPassword" time="8.667"/>
  <system-out/>
  <testcase classname="org.cooee.tests.LoginTest" name="testLoginWithIncorrectEmailAndValidPassword" time="11.108"/>
  <system-out/>
</testsuite> <!-- org.cooee.tests.LoginTest -->
