<?xml version="1.0" encoding="UTF-8"?>
<!-- Generated by org.testng.reporters.JUnitReportReporter -->
<testsuite hostname="DESKTOP-8EAAVC9" failures="0" tests="8" name="org.cooee.tests.LoginTest" time="365.162" errors="0" timestamp="2025-06-18T12:18:37 IST" skipped="0">
  <testcase classname="org.cooee.tests.LoginTest" name="testLoginButtonDisabledForInvalidEmailFormat" time="8.581"/>
  <system-out/>
  <testcase classname="org.cooee.tests.LoginTest" name="testLoginButtonDisabledForInvalidEmailFormat" time="50.050"/>
  <system-out/>
  <testcase classname="org.cooee.tests.LoginTest" name="testLoginWithValidCredentials" time="23.386"/>
  <system-out/>
  <testcase classname="org.cooee.tests.LoginTest" name="testLoginWithValidCredentials" time="7.233"/>
  <system-out/>
  <testcase classname="org.cooee.tests.LoginTest" name="testLoginWithInvalidPassword" time="15.078"/>
  <system-out/>
  <testcase classname="org.cooee.tests.LoginTest" name="testLoginWithInvalidPassword" time="56.172"/>
  <system-out/>
  <testcase classname="org.cooee.tests.LoginTest" name="testLoginWithIncorrectEmailAndValidPassword" time="38.158"/>
  <system-out/>
  <testcase classname="org.cooee.tests.LoginTest" name="testLoginWithIncorrectEmailAndValidPassword" time="166.504"/>
  <system-out/>
</testsuite> <!-- org.cooee.tests.LoginTest -->
